<?xml version="1.0" encoding="UTF-8"?>
<testsuite name="com.carrot.FinalProjectApplicationTests" tests="1" skipped="0" failures="0" errors="0" timestamp="2024-09-22T06:42:36" hostname="DESKTOP-9S35OGC" time="0.628">
  <properties/>
  <testcase name="contextLoads()" classname="com.carrot.FinalProjectApplicationTests" time="0.628"/>
  <system-out><![CDATA[15:42:32.462 [Test worker] INFO org.springframework.test.context.support.AnnotationConfigContextLoaderUtils -- Could not detect default configuration classes for test class [com.carrot.FinalProjectApplicationTests]: FinalProjectApplicationTests does not declare any static, non-private, non-final, nested classes annotated with @Configuration.
15:42:32.567 [Test worker] INFO org.springframework.boot.test.context.SpringBootTestContextBootstrapper -- Found @SpringBootConfiguration com.carrot.FinalProjectApplication for test class com.carrot.FinalProjectApplicationTests

  .   ____          _            __ _ _
 /\\ / ___'_ __ _ _(_)_ __  __ _ \ \ \ \
( ( )\___ | '_ | '_| | '_ \/ _` | \ \ \ \
 \\/  ___)| |_)| | | | | || (_| |  ) ) ) )
  '  |____| .__|_| |_|_| |_\__, | / / / /
 =========|_|==============|___/=/_/_/_/

 :: Spring Boot ::                (v3.3.4)

2024-09-22T15:42:32.984+09:00  INFO 23432 --- [FinalProject] [    Test worker] c.carrot.FinalProjectApplicationTests    : Starting FinalProjectApplicationTests using Java 17 with PID 23432 (started by poix0 in C:\java\spring\workspace\FinalProject)
2024-09-22T15:42:32.985+09:00  INFO 23432 --- [FinalProject] [    Test worker] c.carrot.FinalProjectApplicationTests    : No active profile set, falling back to 1 default profile: "default"
2024-09-22T15:42:33.717+09:00  INFO 23432 --- [FinalProject] [    Test worker] .s.d.r.c.RepositoryConfigurationDelegate : Multiple Spring Data modules found, entering strict repository configuration mode
2024-09-22T15:42:33.720+09:00  INFO 23432 --- [FinalProject] [    Test worker] .s.d.r.c.RepositoryConfigurationDelegate : Bootstrapping Spring Data JPA repositories in DEFAULT mode.
2024-09-22T15:42:33.743+09:00  INFO 23432 --- [FinalProject] [    Test worker] .s.d.r.c.RepositoryConfigurationDelegate : Finished Spring Data repository scanning in 13 ms. Found 0 JPA repository interfaces.
2024-09-22T15:42:33.763+09:00  INFO 23432 --- [FinalProject] [    Test worker] .s.d.r.c.RepositoryConfigurationDelegate : Multiple Spring Data modules found, entering strict repository configuration mode
2024-09-22T15:42:33.765+09:00  INFO 23432 --- [FinalProject] [    Test worker] .s.d.r.c.RepositoryConfigurationDelegate : Bootstrapping Spring Data Redis repositories in DEFAULT mode.
2024-09-22T15:42:33.777+09:00  INFO 23432 --- [FinalProject] [    Test worker] .s.d.r.c.RepositoryConfigurationDelegate : Finished Spring Data repository scanning in 3 ms. Found 0 Redis repository interfaces.
2024-09-22T15:42:34.421+09:00  INFO 23432 --- [FinalProject] [    Test worker] o.hibernate.jpa.internal.util.LogHelper  : HHH000204: Processing PersistenceUnitInfo [name: default]
2024-09-22T15:42:34.505+09:00  INFO 23432 --- [FinalProject] [    Test worker] org.hibernate.Version                    : HHH000412: Hibernate ORM core version 6.5.3.Final
2024-09-22T15:42:34.552+09:00  INFO 23432 --- [FinalProject] [    Test worker] o.h.c.internal.RegionFactoryInitiator    : HHH000026: Second-level cache disabled
2024-09-22T15:42:34.945+09:00  INFO 23432 --- [FinalProject] [    Test worker] o.s.o.j.p.SpringPersistenceUnitInfo      : No LoadTimeWeaver setup: ignoring JPA class transformer
2024-09-22T15:42:34.988+09:00  INFO 23432 --- [FinalProject] [    Test worker] com.zaxxer.hikari.HikariDataSource       : HikariPool-1 - Starting...
2024-09-22T15:42:35.313+09:00  INFO 23432 --- [FinalProject] [    Test worker] com.zaxxer.hikari.pool.HikariPool        : HikariPool-1 - Added connection com.mysql.cj.jdbc.ConnectionImpl@460e5ffe
2024-09-22T15:42:35.316+09:00  INFO 23432 --- [FinalProject] [    Test worker] com.zaxxer.hikari.HikariDataSource       : HikariPool-1 - Start completed.
2024-09-22T15:42:35.782+09:00  INFO 23432 --- [FinalProject] [    Test worker] o.h.e.t.j.p.i.JtaPlatformInitiator       : HHH000489: No JTA platform available (set 'hibernate.transaction.jta.platform' to enable JTA platform integration)
2024-09-22T15:42:35.790+09:00  INFO 23432 --- [FinalProject] [    Test worker] j.LocalContainerEntityManagerFactoryBean : Initialized JPA EntityManagerFactory for persistence unit 'default'
2024-09-22T15:42:35.938+09:00  WARN 23432 --- [FinalProject] [    Test worker] JpaBaseConfiguration$JpaWebConfiguration : spring.jpa.open-in-view is enabled by default. Therefore, database queries may be performed during view rendering. Explicitly configure spring.jpa.open-in-view to disable this warning
2024-09-22T15:42:36.774+09:00  WARN 23432 --- [FinalProject] [    Test worker] .s.s.UserDetailsServiceAutoConfiguration : 

Using generated security password: 96967232-1a30-42ef-9045-67f60eb348d3

This generated password is for development use only. Your security configuration must be updated before running your application in production.

2024-09-22T15:42:36.795+09:00  INFO 23432 --- [FinalProject] [    Test worker] r$InitializeUserDetailsManagerConfigurer : Global AuthenticationManager configured with UserDetailsService bean with name inMemoryUserDetailsManager
2024-09-22T15:42:36.979+09:00  INFO 23432 --- [FinalProject] [    Test worker] c.carrot.FinalProjectApplicationTests    : Started FinalProjectApplicationTests in 4.234 seconds (process running for 5.466)
]]></system-out>
  <system-err><![CDATA[]]></system-err>
</testsuite>
